TN:
SF:server.js
FN:24,(anonymous_0)
FN:28,(anonymous_1)
FN:35,(anonymous_2)
FN:55,(anonymous_3)
FN:59,(anonymous_4)
FN:64,(anonymous_5)
FN:79,(anonymous_6)
FN:85,(anonymous_7)
FN:122,(anonymous_8)
FN:127,(anonymous_9)
FN:132,(anonymous_10)
FNF:11
FNH:11
FNDA:1,(anonymous_0)
FNDA:4,(anonymous_1)
FNDA:3,(anonymous_2)
FNDA:1,(anonymous_3)
FNDA:3,(anonymous_4)
FNDA:6,(anonymous_5)
FNDA:1,(anonymous_6)
FNDA:1,(anonymous_7)
FNDA:1,(anonymous_8)
FNDA:1,(anonymous_9)
FNDA:1,(anonymous_10)
DA:1,1
DA:2,1
DA:3,1
DA:4,1
DA:6,1
DA:7,1
DA:8,1
DA:11,1
DA:24,1
DA:25,1
DA:28,1
DA:29,4
DA:31,4
DA:32,1
DA:33,3
DA:34,1
DA:35,3
DA:36,1
DA:39,1
DA:46,1
DA:49,1
DA:55,1
DA:56,1
DA:59,1
DA:61,3
DA:64,6
DA:66,3
DA:67,2
DA:69,1
DA:72,1
DA:75,1
DA:79,1
DA:81,1
DA:85,1
DA:87,1
DA:122,1
DA:124,1
DA:127,1
DA:129,1
DA:132,1
DA:133,1
DA:135,1
LF:42
LH:42
BRDA:31,0,0,1
BRDA:31,0,1,3
BRDA:31,1,0,4
BRDA:31,1,1,4
BRDA:33,2,0,1
BRDA:33,2,1,2
BRDA:35,3,0,1
BRDA:35,3,1,1
BRDA:64,4,0,6
BRDA:64,4,1,2
BRDA:66,5,0,2
BRDA:66,5,1,1
BRDA:67,6,0,1
BRDA:67,6,1,1
BRF:14
BRH:14
end_of_record
